********************************************************************************
* Unified simulation Tcl App stack trace dump
*
* File: .usf.tcl_error.log (Wed Dec 27 22:56:06 2023)
*
* This file is generated by the unified simulation automation and contains the
* tcl stack trace of error returned by the simulator App for the current run.
*
********************************************************************************

    while executing
"ipx::open_core -set_current false $ip_xml"
    ("foreach" body line 2)
    invoked from within
"foreach ip_xml $ip_comps {
    set ip_comp [ipx::open_core -set_current false $ip_xml]
    set vlnv    [get_property vlnv $ip_comp]
    foreach file_g..."
    (procedure "xcs_find_sv_pkg_libs" line 75)
    invoked from within
"xcs_find_sv_pkg_libs $a_sim_vars(s_launch_dir) $a_sim_vars(b_int_sm_lib_ref_debug)"
    (procedure "usf_xsim_setup_simulation" line 108)
    invoked from within
"usf_xsim_setup_simulation"
    (procedure "tclapp::xilinx::xsim::setup" line 24)
    invoked from within
"tclapp::xilinx::xsim::setup { -simset sim_1 -mode behavioral -run_dir C:/Users/Wenuka/Documents/neuralNetwork/Tut-8/Fraud_Detect/Fraud_Detect.sim/sim_..."
